[2018.07.19 16:54:01] [DEBUG] [SUCCESS] func MngClient_Agree() begin [./src/keymngclientop.c] [53]
[2018.07.19 16:54:01] [WARNING] [SUCCESS] MngServer_Agree() [./src/keymngserverop.c] [47]
[2018.07.19 16:54:01] [WARNING] [SUCCESS] MngServer_Agree() END [./src/keymngserverop.c] [71]
[2018.07.19 16:54:01] [DEBUG] [SUCCESS] func MngClient_Agree() end  [./src/keymngclientop.c] [137]
[2018.07.19 16:54:01] [WARNING] [ERRNO is 3003] sckClient_rev() ClientsckServer_close [./src/keymngserver.c] [47]
[2018.07.19 16:54:01] [DEBUG] [SUCCESS] func MngClient_Agree() begin [./src/keymngclientop.c] [53]
[2018.07.19 16:54:01] [WARNING] [SUCCESS] MngServer_Agree() [./src/keymngserverop.c] [47]
[2018.07.19 16:54:01] [WARNING] [SUCCESS] MngServer_Agree() END [./src/keymngserverop.c] [71]
[2018.07.19 16:54:01] [DEBUG] [SUCCESS] func MngClient_Agree() end  [./src/keymngclientop.c] [137]
[2018.07.19 16:54:01] [WARNING] [ERRNO is 3003] sckClient_rev() ClientsckServer_close [./src/keymngserver.c] [47]
[2018.07.19 16:54:02] [DEBUG] [SUCCESS] func MngClient_Agree() begin [./src/keymngclientop.c] [53]
[2018.07.19 16:54:02] [WARNING] [SUCCESS] MngServer_Agree() [./src/keymngserverop.c] [47]
[2018.07.19 16:54:02] [WARNING] [SUCCESS] MngServer_Agree() END [./src/keymngserverop.c] [71]
[2018.07.19 16:54:02] [DEBUG] [SUCCESS] func MngClient_Agree() end  [./src/keymngclientop.c] [137]
[2018.07.19 16:54:02] [WARNING] [ERRNO is 3003] sckClient_rev() ClientsckServer_close [./src/keymngserver.c] [47]
[2018.07.19 16:54:02] [DEBUG] [SUCCESS] func MngClient_Agree() begin [./src/keymngclientop.c] [53]
[2018.07.19 16:54:02] [WARNING] [SUCCESS] MngServer_Agree() [./src/keymngserverop.c] [47]
[2018.07.19 16:54:02] [WARNING] [SUCCESS] MngServer_Agree() END [./src/keymngserverop.c] [71]
[2018.07.19 16:54:02] [DEBUG] [SUCCESS] func MngClient_Agree() end  [./src/keymngclientop.c] [137]
[2018.07.19 16:54:02] [WARNING] [ERRNO is 3003] sckClient_rev() ClientsckServer_close [./src/keymngserver.c] [47]
[2018.07.19 16:54:02] [DEBUG] [SUCCESS] func MngClient_Agree() begin [./src/keymngclientop.c] [53]
[2018.07.19 16:54:02] [WARNING] [SUCCESS] MngServer_Agree() [./src/keymngserverop.c] [47]
[2018.07.19 16:54:02] [WARNING] [SUCCESS] MngServer_Agree() END [./src/keymngserverop.c] [71]
[2018.07.19 16:54:02] [DEBUG] [SUCCESS] func MngClient_Agree() end  [./src/keymngclientop.c] [137]
[2018.07.19 16:54:02] [WARNING] [ERRNO is 3003] sckClient_rev() ClientsckServer_close [./src/keymngserver.c] [47]
[2018.07.19 16:54:03] [DEBUG] [SUCCESS] func MngClient_Agree() begin [./src/keymngclientop.c] [53]
[2018.07.19 16:54:03] [WARNING] [SUCCESS] MngServer_Agree() [./src/keymngserverop.c] [47]
[2018.07.19 16:54:03] [WARNING] [SUCCESS] MngServer_Agree() END [./src/keymngserverop.c] [71]
[2018.07.19 16:54:03] [DEBUG] [SUCCESS] func MngClient_Agree() end  [./src/keymngclientop.c] [137]
[2018.07.19 16:54:03] [WARNING] [ERRNO is 3003] sckClient_rev() ClientsckServer_close [./src/keymngserver.c] [47]
[2018.07.19 16:54:03] [DEBUG] [SUCCESS] func MngClient_Agree() begin [./src/keymngclientop.c] [53]
[2018.07.19 16:54:03] [WARNING] [SUCCESS] MngServer_Agree() [./src/keymngserverop.c] [47]
[2018.07.19 16:54:03] [WARNING] [SUCCESS] MngServer_Agree() END [./src/keymngserverop.c] [71]
[2018.07.19 16:54:03] [DEBUG] [SUCCESS] func MngClient_Agree() end  [./src/keymngclientop.c] [137]
[2018.07.19 16:54:03] [WARNING] [ERRNO is 3003] sckClient_rev() ClientsckServer_close [./src/keymngserver.c] [47]
[2018.07.19 16:54:03] [DEBUG] [SUCCESS] func MngClient_Agree() begin [./src/keymngclientop.c] [53]
[2018.07.19 16:54:03] [WARNING] [SUCCESS] MngServer_Agree() [./src/keymngserverop.c] [47]
[2018.07.19 16:54:03] [WARNING] [SUCCESS] MngServer_Agree() END [./src/keymngserverop.c] [71]
[2018.07.19 16:54:03] [DEBUG] [SUCCESS] func MngClient_Agree() end  [./src/keymngclientop.c] [137]
[2018.07.19 16:54:03] [WARNING] [ERRNO is 3003] sckClient_rev() ClientsckServer_close [./src/keymngserver.c] [47]
[2018.07.19 16:54:04] [DEBUG] [SUCCESS] func MngClient_Agree() begin [./src/keymngclientop.c] [53]
[2018.07.19 16:54:04] [WARNING] [SUCCESS] MngServer_Agree() [./src/keymngserverop.c] [47]
[2018.07.19 16:54:04] [WARNING] [SUCCESS] MngServer_Agree() END [./src/keymngserverop.c] [71]
[2018.07.19 16:54:04] [DEBUG] [SUCCESS] func MngClient_Agree() end  [./src/keymngclientop.c] [137]
[2018.07.19 16:54:04] [WARNING] [ERRNO is 3003] sckClient_rev() ClientsckServer_close [./src/keymngserver.c] [47]
[2018.07.19 16:54:04] [DEBUG] [SUCCESS] func MngClient_Agree() begin [./src/keymngclientop.c] [53]
[2018.07.19 16:54:04] [WARNING] [SUCCESS] MngServer_Agree() [./src/keymngserverop.c] [47]
[2018.07.19 16:54:04] [WARNING] [SUCCESS] MngServer_Agree() END [./src/keymngserverop.c] [71]
[2018.07.19 16:54:04] [DEBUG] [SUCCESS] func MngClient_Agree() end  [./src/keymngclientop.c] [137]
[2018.07.19 16:54:04] [WARNING] [ERRNO is 3003] sckClient_rev() ClientsckServer_close [./src/keymngserver.c] [47]
[2018.07.19 16:54:04] [DEBUG] [SUCCESS] func MngClient_Agree() begin [./src/keymngclientop.c] [53]
[2018.07.19 16:54:04] [WARNING] [SUCCESS] MngServer_Agree() [./src/keymngserverop.c] [47]
[2018.07.19 16:54:04] [WARNING] [SUCCESS] MngServer_Agree() END [./src/keymngserverop.c] [71]
[2018.07.19 16:54:04] [DEBUG] [SUCCESS] func MngClient_Agree() end  [./src/keymngclientop.c] [137]
[2018.07.19 16:54:04] [WARNING] [ERRNO is 3003] sckClient_rev() ClientsckServer_close [./src/keymngserver.c] [47]
[2018.07.19 16:54:05] [DEBUG] [SUCCESS] func MngClient_Agree() begin [./src/keymngclientop.c] [53]
[2018.07.19 16:54:05] [WARNING] [SUCCESS] MngServer_Agree() [./src/keymngserverop.c] [47]
[2018.07.19 16:54:05] [WARNING] [SUCCESS] MngServer_Agree() END [./src/keymngserverop.c] [71]
[2018.07.19 16:54:05] [DEBUG] [SUCCESS] func MngClient_Agree() end  [./src/keymngclientop.c] [137]
[2018.07.19 16:54:05] [WARNING] [ERRNO is 3003] sckClient_rev() ClientsckServer_close [./src/keymngserver.c] [47]
[2018.07.19 16:54:05] [DEBUG] [SUCCESS] func MngClient_Agree() begin [./src/keymngclientop.c] [53]
[2018.07.19 16:54:05] [WARNING] [SUCCESS] MngServer_Agree() [./src/keymngserverop.c] [47]
[2018.07.19 16:54:05] [WARNING] [SUCCESS] MngServer_Agree() END [./src/keymngserverop.c] [71]
[2018.07.19 16:54:05] [DEBUG] [SUCCESS] func MngClient_Agree() end  [./src/keymngclientop.c] [137]
[2018.07.19 16:54:05] [WARNING] [ERRNO is 3003] sckClient_rev() ClientsckServer_close [./src/keymngserver.c] [47]
[2018.07.19 16:54:05] [DEBUG] [SUCCESS] func MngClient_Agree() begin [./src/keymngclientop.c] [53]
[2018.07.19 16:54:05] [WARNING] [SUCCESS] MngServer_Agree() [./src/keymngserverop.c] [47]
[2018.07.19 16:54:05] [WARNING] [SUCCESS] MngServer_Agree() END [./src/keymngserverop.c] [71]
[2018.07.19 16:54:05] [DEBUG] [SUCCESS] func MngClient_Agree() end  [./src/keymngclientop.c] [137]
[2018.07.19 16:54:05] [WARNING] [ERRNO is 3003] sckClient_rev() ClientsckServer_close [./src/keymngserver.c] [47]
[2018.07.19 16:54:06] [DEBUG] [SUCCESS] func MngClient_Agree() begin [./src/keymngclientop.c] [53]
[2018.07.19 16:54:06] [WARNING] [SUCCESS] MngServer_Agree() [./src/keymngserverop.c] [47]
[2018.07.19 16:54:06] [WARNING] [SUCCESS] MngServer_Agree() END [./src/keymngserverop.c] [71]
[2018.07.19 16:54:06] [DEBUG] [SUCCESS] func MngClient_Agree() end  [./src/keymngclientop.c] [137]
[2018.07.19 16:54:06] [WARNING] [ERRNO is 3003] sckClient_rev() ClientsckServer_close [./src/keymngserver.c] [47]
[2018.07.19 16:54:06] [DEBUG] [SUCCESS] func MngClient_Agree() begin [./src/keymngclientop.c] [53]
[2018.07.19 16:54:06] [WARNING] [SUCCESS] MngServer_Agree() [./src/keymngserverop.c] [47]
[2018.07.19 16:54:06] [WARNING] [SUCCESS] MngServer_Agree() END [./src/keymngserverop.c] [71]
[2018.07.19 16:54:06] [DEBUG] [SUCCESS] func MngClient_Agree() end  [./src/keymngclientop.c] [137]
[2018.07.19 16:54:06] [WARNING] [ERRNO is 3003] sckClient_rev() ClientsckServer_close [./src/keymngserver.c] [47]
[2018.07.19 16:54:06] [DEBUG] [SUCCESS] func MngClient_Agree() begin [./src/keymngclientop.c] [53]
[2018.07.19 16:54:06] [WARNING] [SUCCESS] MngServer_Agree() [./src/keymngserverop.c] [47]
[2018.07.19 16:54:06] [WARNING] [SUCCESS] MngServer_Agree() END [./src/keymngserverop.c] [71]
[2018.07.19 16:54:06] [DEBUG] [SUCCESS] func MngClient_Agree() end  [./src/keymngclientop.c] [137]
[2018.07.19 16:54:06] [WARNING] [ERRNO is 3003] sckClient_rev() ClientsckServer_close [./src/keymngserver.c] [47]
[2018.07.19 16:54:07] [DEBUG] [SUCCESS] func MngClient_Agree() begin [./src/keymngclientop.c] [53]
[2018.07.19 16:54:07] [WARNING] [SUCCESS] MngServer_Agree() [./src/keymngserverop.c] [47]
[2018.07.19 16:54:07] [WARNING] [SUCCESS] MngServer_Agree() END [./src/keymngserverop.c] [71]
[2018.07.19 16:54:07] [DEBUG] [SUCCESS] func MngClient_Agree() end  [./src/keymngclientop.c] [137]
[2018.07.19 16:54:07] [WARNING] [ERRNO is 3003] sckClient_rev() ClientsckServer_close [./src/keymngserver.c] [47]
[2018.07.19 16:54:07] [DEBUG] [SUCCESS] func MngClient_Agree() begin [./src/keymngclientop.c] [53]
[2018.07.19 16:54:07] [WARNING] [SUCCESS] MngServer_Agree() [./src/keymngserverop.c] [47]
[2018.07.19 16:54:07] [WARNING] [SUCCESS] MngServer_Agree() END [./src/keymngserverop.c] [71]
[2018.07.19 16:54:07] [DEBUG] [SUCCESS] func MngClient_Agree() end  [./src/keymngclientop.c] [137]
[2018.07.19 16:54:07] [WARNING] [ERRNO is 3003] sckClient_rev() ClientsckServer_close [./src/keymngserver.c] [47]
[2018.07.19 16:54:07] [DEBUG] [SUCCESS] func MngClient_Agree() begin [./src/keymngclientop.c] [53]
[2018.07.19 16:54:07] [WARNING] [SUCCESS] MngServer_Agree() [./src/keymngserverop.c] [47]
[2018.07.19 16:54:07] [WARNING] [SUCCESS] MngServer_Agree() END [./src/keymngserverop.c] [71]
[2018.07.19 16:54:07] [DEBUG] [SUCCESS] func MngClient_Agree() end  [./src/keymngclientop.c] [137]
[2018.07.19 16:54:07] [WARNING] [ERRNO is 3003] sckClient_rev() ClientsckServer_close [./src/keymngserver.c] [47]
[2018.07.19 16:54:07] [DEBUG] [SUCCESS] func MngClient_Agree() begin [./src/keymngclientop.c] [53]
[2018.07.19 16:54:07] [WARNING] [SUCCESS] MngServer_Agree() [./src/keymngserverop.c] [47]
[2018.07.19 16:54:07] [WARNING] [SUCCESS] MngServer_Agree() END [./src/keymngserverop.c] [71]
[2018.07.19 16:54:07] [DEBUG] [SUCCESS] func MngClient_Agree() end  [./src/keymngclientop.c] [137]
[2018.07.19 16:54:07] [WARNING] [ERRNO is 3003] sckClient_rev() ClientsckServer_close [./src/keymngserver.c] [47]
[2018.07.19 16:54:08] [DEBUG] [SUCCESS] func MngClient_Agree() begin [./src/keymngclientop.c] [53]
[2018.07.19 16:54:08] [WARNING] [SUCCESS] MngServer_Agree() [./src/keymngserverop.c] [47]
[2018.07.19 16:54:08] [WARNING] [SUCCESS] MngServer_Agree() END [./src/keymngserverop.c] [71]
[2018.07.19 16:54:08] [DEBUG] [SUCCESS] func MngClient_Agree() end  [./src/keymngclientop.c] [137]
[2018.07.19 16:54:08] [WARNING] [ERRNO is 3003] sckClient_rev() ClientsckServer_close [./src/keymngserver.c] [47]
[2018.07.19 16:54:08] [DEBUG] [SUCCESS] func MngClient_Agree() begin [./src/keymngclientop.c] [53]
[2018.07.19 16:54:08] [WARNING] [SUCCESS] MngServer_Agree() [./src/keymngserverop.c] [47]
[2018.07.19 16:54:08] [WARNING] [SUCCESS] MngServer_Agree() END [./src/keymngserverop.c] [71]
[2018.07.19 16:54:08] [DEBUG] [SUCCESS] func MngClient_Agree() end  [./src/keymngclientop.c] [137]
[2018.07.19 16:54:08] [WARNING] [ERRNO is 3003] sckClient_rev() ClientsckServer_close [./src/keymngserver.c] [47]
[2018.07.19 16:54:08] [DEBUG] [SUCCESS] func MngClient_Agree() begin [./src/keymngclientop.c] [53]
[2018.07.19 16:54:08] [WARNING] [SUCCESS] MngServer_Agree() [./src/keymngserverop.c] [47]
[2018.07.19 16:54:08] [WARNING] [SUCCESS] MngServer_Agree() END [./src/keymngserverop.c] [71]
[2018.07.19 16:54:08] [DEBUG] [SUCCESS] func MngClient_Agree() end  [./src/keymngclientop.c] [137]
[2018.07.19 16:54:08] [WARNING] [ERRNO is 3003] sckClient_rev() ClientsckServer_close [./src/keymngserver.c] [47]
[2018.07.19 16:54:09] [DEBUG] [SUCCESS] func MngClient_Agree() begin [./src/keymngclientop.c] [53]
[2018.07.19 16:54:09] [WARNING] [SUCCESS] MngServer_Agree() [./src/keymngserverop.c] [47]
[2018.07.19 16:54:09] [WARNING] [SUCCESS] MngServer_Agree() END [./src/keymngserverop.c] [71]
[2018.07.19 16:54:09] [DEBUG] [SUCCESS] func MngClient_Agree() end  [./src/keymngclientop.c] [137]
[2018.07.19 16:54:09] [WARNING] [ERRNO is 3003] sckClient_rev() ClientsckServer_close [./src/keymngserver.c] [47]
[2018.07.19 16:54:09] [DEBUG] [SUCCESS] func MngClient_Agree() begin [./src/keymngclientop.c] [53]
[2018.07.19 16:54:09] [WARNING] [SUCCESS] MngServer_Agree() [./src/keymngserverop.c] [47]
[2018.07.19 16:54:09] [WARNING] [SUCCESS] MngServer_Agree() END [./src/keymngserverop.c] [71]
[2018.07.19 16:54:09] [DEBUG] [SUCCESS] func MngClient_Agree() end  [./src/keymngclientop.c] [137]
[2018.07.19 16:54:09] [WARNING] [ERRNO is 3003] sckClient_rev() ClientsckServer_close [./src/keymngserver.c] [47]
[2018.07.19 16:54:09] [DEBUG] [SUCCESS] func MngClient_Agree() begin [./src/keymngclientop.c] [53]
[2018.07.19 16:54:09] [WARNING] [SUCCESS] MngServer_Agree() [./src/keymngserverop.c] [47]
[2018.07.19 16:54:09] [WARNING] [SUCCESS] MngServer_Agree() END [./src/keymngserverop.c] [71]
[2018.07.19 16:54:09] [DEBUG] [SUCCESS] func MngClient_Agree() end  [./src/keymngclientop.c] [137]
[2018.07.19 16:54:09] [WARNING] [ERRNO is 3003] sckClient_rev() ClientsckServer_close [./src/keymngserver.c] [47]
[2018.07.19 16:54:10] [DEBUG] [SUCCESS] func MngClient_Agree() begin [./src/keymngclientop.c] [53]
[2018.07.19 16:54:10] [WARNING] [SUCCESS] MngServer_Agree() [./src/keymngserverop.c] [47]
[2018.07.19 16:54:10] [WARNING] [SUCCESS] MngServer_Agree() END [./src/keymngserverop.c] [71]
[2018.07.19 16:54:10] [DEBUG] [SUCCESS] func MngClient_Agree() end  [./src/keymngclientop.c] [137]
[2018.07.19 16:54:10] [WARNING] [ERRNO is 3003] sckClient_rev() ClientsckServer_close [./src/keymngserver.c] [47]
[2018.07.19 16:54:10] [DEBUG] [SUCCESS] func MngClient_Agree() begin [./src/keymngclientop.c] [53]
[2018.07.19 16:54:10] [WARNING] [SUCCESS] MngServer_Agree() [./src/keymngserverop.c] [47]
[2018.07.19 16:54:10] [WARNING] [SUCCESS] MngServer_Agree() END [./src/keymngserverop.c] [71]
[2018.07.19 16:54:10] [DEBUG] [SUCCESS] func MngClient_Agree() end  [./src/keymngclientop.c] [137]
[2018.07.19 16:54:10] [WARNING] [ERRNO is 3003] sckClient_rev() ClientsckServer_close [./src/keymngserver.c] [47]
[2018.07.19 16:54:10] [DEBUG] [SUCCESS] func MngClient_Agree() begin [./src/keymngclientop.c] [53]
[2018.07.19 16:54:10] [WARNING] [SUCCESS] MngServer_Agree() [./src/keymngserverop.c] [47]
[2018.07.19 16:54:10] [WARNING] [SUCCESS] MngServer_Agree() END [./src/keymngserverop.c] [71]
[2018.07.19 16:54:10] [DEBUG] [SUCCESS] func MngClient_Agree() end  [./src/keymngclientop.c] [137]
[2018.07.19 16:54:10] [WARNING] [ERRNO is 3003] sckClient_rev() ClientsckServer_close [./src/keymngserver.c] [47]
[2018.07.19 16:54:11] [DEBUG] [SUCCESS] func MngClient_Agree() begin [./src/keymngclientop.c] [53]
[2018.07.19 16:54:11] [WARNING] [SUCCESS] MngServer_Agree() [./src/keymngserverop.c] [47]
[2018.07.19 16:54:11] [WARNING] [SUCCESS] MngServer_Agree() END [./src/keymngserverop.c] [71]
[2018.07.19 16:54:11] [DEBUG] [SUCCESS] func MngClient_Agree() end  [./src/keymngclientop.c] [137]
[2018.07.19 16:54:11] [WARNING] [ERRNO is 3003] sckClient_rev() ClientsckServer_close [./src/keymngserver.c] [47]
[2018.07.19 16:54:11] [DEBUG] [SUCCESS] func MngClient_Agree() begin [./src/keymngclientop.c] [53]
[2018.07.19 16:54:11] [WARNING] [SUCCESS] MngServer_Agree() [./src/keymngserverop.c] [47]
[2018.07.19 16:54:11] [WARNING] [SUCCESS] MngServer_Agree() END [./src/keymngserverop.c] [71]
[2018.07.19 16:54:11] [DEBUG] [SUCCESS] func MngClient_Agree() end  [./src/keymngclientop.c] [137]
[2018.07.19 16:54:11] [WARNING] [ERRNO is 3003] sckClient_rev() ClientsckServer_close [./src/keymngserver.c] [47]
[2018.07.19 16:54:12] [DEBUG] [SUCCESS] func MngClient_Agree() begin [./src/keymngclientop.c] [53]
[2018.07.19 16:54:12] [WARNING] [SUCCESS] MngServer_Agree() [./src/keymngserverop.c] [47]
[2018.07.19 16:54:12] [WARNING] [SUCCESS] MngServer_Agree() END [./src/keymngserverop.c] [71]
[2018.07.19 16:54:12] [DEBUG] [SUCCESS] func MngClient_Agree() end  [./src/keymngclientop.c] [137]
[2018.07.19 16:54:12] [WARNING] [ERRNO is 3003] sckClient_rev() ClientsckServer_close [./src/keymngserver.c] [47]
[2018.07.19 16:55:21] [DEBUG] [SUCCESS] func MngClient_Agree() begin [./src/keymngclientop.c] [53]
[2018.07.19 16:55:21] [WARNING] [SUCCESS] MngServer_Agree() [./src/keymngserverop.c] [47]
[2018.07.19 16:55:21] [WARNING] [SUCCESS] MngServer_Agree() END [./src/keymngserverop.c] [71]
[2018.07.19 16:55:21] [DEBUG] [SUCCESS] func MngClient_Agree() end  [./src/keymngclientop.c] [137]
[2018.07.19 16:55:21] [WARNING] [ERRNO is 3003] sckClient_rev() ClientsckServer_close [./src/keymngserver.c] [47]
[2018.07.19 16:55:23] [DEBUG] [SUCCESS] func MngClient_Agree() begin [./src/keymngclientop.c] [53]
[2018.07.19 16:55:23] [WARNING] [SUCCESS] MngServer_Agree() [./src/keymngserverop.c] [47]
[2018.07.19 16:55:23] [WARNING] [SUCCESS] MngServer_Agree() END [./src/keymngserverop.c] [71]
[2018.07.19 16:55:23] [DEBUG] [SUCCESS] func MngClient_Agree() end  [./src/keymngclientop.c] [137]
[2018.07.19 16:55:23] [WARNING] [ERRNO is 3003] sckClient_rev() ClientsckServer_close [./src/keymngserver.c] [47]
[2018.07.19 16:55:24] [DEBUG] [SUCCESS] func MngClient_Agree() begin [./src/keymngclientop.c] [53]
[2018.07.19 16:55:24] [WARNING] [SUCCESS] MngServer_Agree() [./src/keymngserverop.c] [47]
[2018.07.19 16:55:24] [WARNING] [SUCCESS] MngServer_Agree() END [./src/keymngserverop.c] [71]
[2018.07.19 16:55:24] [DEBUG] [SUCCESS] func MngClient_Agree() end  [./src/keymngclientop.c] [137]
[2018.07.19 16:55:24] [WARNING] [ERRNO is 3003] sckClient_rev() ClientsckServer_close [./src/keymngserver.c] [47]
[2018.07.19 16:55:24] [DEBUG] [SUCCESS] func MngClient_Agree() begin [./src/keymngclientop.c] [53]
[2018.07.19 16:55:24] [WARNING] [SUCCESS] MngServer_Agree() [./src/keymngserverop.c] [47]
[2018.07.19 16:55:24] [WARNING] [SUCCESS] MngServer_Agree() END [./src/keymngserverop.c] [71]
[2018.07.19 16:55:24] [DEBUG] [SUCCESS] func MngClient_Agree() end  [./src/keymngclientop.c] [137]
[2018.07.19 16:55:24] [WARNING] [ERRNO is 3003] sckClient_rev() ClientsckServer_close [./src/keymngserver.c] [47]
[2018.07.19 16:55:25] [DEBUG] [SUCCESS] func MngClient_Agree() begin [./src/keymngclientop.c] [53]
[2018.07.19 16:55:25] [WARNING] [SUCCESS] MngServer_Agree() [./src/keymngserverop.c] [47]
[2018.07.19 16:55:25] [WARNING] [SUCCESS] MngServer_Agree() END [./src/keymngserverop.c] [71]
[2018.07.19 16:55:25] [DEBUG] [SUCCESS] func MngClient_Agree() end  [./src/keymngclientop.c] [137]
[2018.07.19 16:55:25] [WARNING] [ERRNO is 3003] sckClient_rev() ClientsckServer_close [./src/keymngserver.c] [47]
[2018.07.19 16:55:25] [DEBUG] [SUCCESS] func MngClient_Agree() begin [./src/keymngclientop.c] [53]
[2018.07.19 16:55:25] [WARNING] [SUCCESS] MngServer_Agree() [./src/keymngserverop.c] [47]
[2018.07.19 16:55:25] [WARNING] [SUCCESS] MngServer_Agree() END [./src/keymngserverop.c] [71]
[2018.07.19 16:55:25] [DEBUG] [SUCCESS] func MngClient_Agree() end  [./src/keymngclientop.c] [137]
[2018.07.19 16:55:25] [WARNING] [ERRNO is 3003] sckClient_rev() ClientsckServer_close [./src/keymngserver.c] [47]
[2018.07.19 16:55:25] [DEBUG] [SUCCESS] func MngClient_Agree() begin [./src/keymngclientop.c] [53]
[2018.07.19 16:55:25] [WARNING] [SUCCESS] MngServer_Agree() [./src/keymngserverop.c] [47]
[2018.07.19 16:55:25] [WARNING] [SUCCESS] MngServer_Agree() END [./src/keymngserverop.c] [71]
[2018.07.19 16:55:25] [DEBUG] [SUCCESS] func MngClient_Agree() end  [./src/keymngclientop.c] [137]
[2018.07.19 16:55:25] [WARNING] [ERRNO is 3003] sckClient_rev() ClientsckServer_close [./src/keymngserver.c] [47]
[2018.07.19 16:55:26] [DEBUG] [SUCCESS] func MngClient_Agree() begin [./src/keymngclientop.c] [53]
[2018.07.19 16:55:26] [WARNING] [SUCCESS] MngServer_Agree() [./src/keymngserverop.c] [47]
[2018.07.19 16:55:26] [WARNING] [SUCCESS] MngServer_Agree() END [./src/keymngserverop.c] [71]
[2018.07.19 16:55:26] [DEBUG] [SUCCESS] func MngClient_Agree() end  [./src/keymngclientop.c] [137]
[2018.07.19 16:55:26] [WARNING] [ERRNO is 3003] sckClient_rev() ClientsckServer_close [./src/keymngserver.c] [47]
[2018.07.19 16:55:26] [DEBUG] [SUCCESS] func MngClient_Agree() begin [./src/keymngclientop.c] [53]
[2018.07.19 16:55:26] [WARNING] [SUCCESS] MngServer_Agree() [./src/keymngserverop.c] [47]
[2018.07.19 16:55:26] [WARNING] [SUCCESS] MngServer_Agree() END [./src/keymngserverop.c] [71]
[2018.07.19 16:55:26] [DEBUG] [SUCCESS] func MngClient_Agree() end  [./src/keymngclientop.c] [137]
[2018.07.19 16:55:26] [WARNING] [ERRNO is 3003] sckClient_rev() ClientsckServer_close [./src/keymngserver.c] [47]
[2018.07.19 16:55:28] [DEBUG] [SUCCESS] func MngClient_Agree() begin [./src/keymngclientop.c] [53]
[2018.07.19 16:55:28] [WARNING] [SUCCESS] MngServer_Agree() [./src/keymngserverop.c] [47]
[2018.07.19 16:55:28] [WARNING] [SUCCESS] MngServer_Agree() END [./src/keymngserverop.c] [71]
[2018.07.19 16:55:28] [DEBUG] [SUCCESS] func MngClient_Agree() end  [./src/keymngclientop.c] [137]
[2018.07.19 16:55:28] [WARNING] [ERRNO is 3003] sckClient_rev() ClientsckServer_close [./src/keymngserver.c] [47]
[2018.07.19 16:55:29] [DEBUG] [SUCCESS] func MngClient_Agree() begin [./src/keymngclientop.c] [53]
[2018.07.19 16:55:29] [WARNING] [SUCCESS] MngServer_Agree() [./src/keymngserverop.c] [47]
[2018.07.19 16:55:29] [WARNING] [SUCCESS] MngServer_Agree() END [./src/keymngserverop.c] [71]
[2018.07.19 16:55:29] [DEBUG] [SUCCESS] func MngClient_Agree() end  [./src/keymngclientop.c] [137]
[2018.07.19 16:55:29] [WARNING] [ERRNO is 3003] sckClient_rev() ClientsckServer_close [./src/keymngserver.c] [47]
[2018.07.19 16:55:30] [DEBUG] [SUCCESS] func MngClient_Agree() begin [./src/keymngclientop.c] [53]
[2018.07.19 16:55:30] [WARNING] [SUCCESS] MngServer_Agree() [./src/keymngserverop.c] [47]
[2018.07.19 16:55:30] [WARNING] [SUCCESS] MngServer_Agree() END [./src/keymngserverop.c] [71]
[2018.07.19 16:55:30] [DEBUG] [SUCCESS] func MngClient_Agree() end  [./src/keymngclientop.c] [137]
[2018.07.19 16:55:30] [WARNING] [ERRNO is 3003] sckClient_rev() ClientsckServer_close [./src/keymngserver.c] [47]
[2018.07.19 16:55:31] [DEBUG] [SUCCESS] func MngClient_Agree() begin [./src/keymngclientop.c] [53]
[2018.07.19 16:55:31] [WARNING] [SUCCESS] MngServer_Agree() [./src/keymngserverop.c] [47]
[2018.07.19 16:55:31] [WARNING] [SUCCESS] MngServer_Agree() END [./src/keymngserverop.c] [71]
[2018.07.19 16:55:31] [DEBUG] [SUCCESS] func MngClient_Agree() end  [./src/keymngclientop.c] [137]
[2018.07.19 16:55:31] [WARNING] [ERRNO is 3003] sckClient_rev() ClientsckServer_close [./src/keymngserver.c] [47]
[2018.07.19 16:55:31] [DEBUG] [SUCCESS] func MngClient_Agree() begin [./src/keymngclientop.c] [53]
[2018.07.19 16:55:31] [WARNING] [SUCCESS] MngServer_Agree() [./src/keymngserverop.c] [47]
[2018.07.19 16:55:31] [WARNING] [SUCCESS] MngServer_Agree() END [./src/keymngserverop.c] [71]
[2018.07.19 16:55:31] [DEBUG] [SUCCESS] func MngClient_Agree() end  [./src/keymngclientop.c] [137]
[2018.07.19 16:55:31] [WARNING] [ERRNO is 3003] sckClient_rev() ClientsckServer_close [./src/keymngserver.c] [47]
[2018.07.19 16:55:45] [DEBUG] [SUCCESS] func MngClient_Agree() begin [./src/keymngclientop.c] [53]
[2018.07.19 16:55:45] [WARNING] [SUCCESS] MngServer_Agree() [./src/keymngserverop.c] [47]
[2018.07.19 16:55:45] [WARNING] [SUCCESS] MngServer_Agree() END [./src/keymngserverop.c] [71]
[2018.07.19 16:55:45] [DEBUG] [SUCCESS] func MngClient_Agree() end  [./src/keymngclientop.c] [137]
[2018.07.19 16:55:45] [WARNING] [ERRNO is 3003] sckClient_rev() ClientsckServer_close [./src/keymngserver.c] [47]
[2018.07.19 16:55:46] [DEBUG] [SUCCESS] func MngClient_Agree() begin [./src/keymngclientop.c] [53]
[2018.07.19 16:55:46] [WARNING] [SUCCESS] MngServer_Agree() [./src/keymngserverop.c] [47]
[2018.07.19 16:55:46] [WARNING] [SUCCESS] MngServer_Agree() END [./src/keymngserverop.c] [71]
[2018.07.19 16:55:46] [DEBUG] [SUCCESS] func MngClient_Agree() end  [./src/keymngclientop.c] [137]
[2018.07.19 16:55:46] [WARNING] [ERRNO is 3003] sckClient_rev() ClientsckServer_close [./src/keymngserver.c] [47]
[2018.07.19 16:55:46] [DEBUG] [SUCCESS] func MngClient_Agree() begin [./src/keymngclientop.c] [53]
[2018.07.19 16:55:46] [WARNING] [SUCCESS] MngServer_Agree() [./src/keymngserverop.c] [47]
[2018.07.19 16:55:46] [WARNING] [SUCCESS] MngServer_Agree() END [./src/keymngserverop.c] [71]
[2018.07.19 16:55:46] [DEBUG] [SUCCESS] func MngClient_Agree() end  [./src/keymngclientop.c] [137]
[2018.07.19 16:55:46] [WARNING] [ERRNO is 3003] sckClient_rev() ClientsckServer_close [./src/keymngserver.c] [47]
[2018.07.19 16:55:47] [DEBUG] [SUCCESS] func MngClient_Agree() begin [./src/keymngclientop.c] [53]
[2018.07.19 16:55:47] [WARNING] [SUCCESS] MngServer_Agree() [./src/keymngserverop.c] [47]
[2018.07.19 16:55:47] [WARNING] [SUCCESS] MngServer_Agree() END [./src/keymngserverop.c] [71]
[2018.07.19 16:55:47] [DEBUG] [SUCCESS] func MngClient_Agree() end  [./src/keymngclientop.c] [137]
[2018.07.19 16:55:47] [WARNING] [ERRNO is 3003] sckClient_rev() ClientsckServer_close [./src/keymngserver.c] [47]
[2018.07.19 16:55:48] [DEBUG] [SUCCESS] func MngClient_Agree() begin [./src/keymngclientop.c] [53]
[2018.07.19 16:55:48] [WARNING] [SUCCESS] MngServer_Agree() [./src/keymngserverop.c] [47]
[2018.07.19 16:55:48] [WARNING] [SUCCESS] MngServer_Agree() END [./src/keymngserverop.c] [71]
[2018.07.19 16:55:48] [DEBUG] [SUCCESS] func MngClient_Agree() end  [./src/keymngclientop.c] [137]
[2018.07.19 16:55:48] [WARNING] [ERRNO is 3003] sckClient_rev() ClientsckServer_close [./src/keymngserver.c] [47]
[2018.07.19 16:55:48] [DEBUG] [SUCCESS] func MngClient_Agree() begin [./src/keymngclientop.c] [53]
[2018.07.19 16:55:48] [WARNING] [SUCCESS] MngServer_Agree() [./src/keymngserverop.c] [47]
[2018.07.19 16:55:48] [WARNING] [SUCCESS] MngServer_Agree() END [./src/keymngserverop.c] [71]
[2018.07.19 16:55:48] [DEBUG] [SUCCESS] func MngClient_Agree() end  [./src/keymngclientop.c] [137]
[2018.07.19 16:55:48] [WARNING] [ERRNO is 3003] sckClient_rev() ClientsckServer_close [./src/keymngserver.c] [47]
[2018.07.19 16:55:49] [DEBUG] [SUCCESS] func MngClient_Agree() begin [./src/keymngclientop.c] [53]
[2018.07.19 16:55:49] [WARNING] [SUCCESS] MngServer_Agree() [./src/keymngserverop.c] [47]
[2018.07.19 16:55:49] [WARNING] [SUCCESS] MngServer_Agree() END [./src/keymngserverop.c] [71]
[2018.07.19 16:55:49] [DEBUG] [SUCCESS] func MngClient_Agree() end  [./src/keymngclientop.c] [137]
[2018.07.19 16:55:49] [WARNING] [ERRNO is 3003] sckClient_rev() ClientsckServer_close [./src/keymngserver.c] [47]
[2018.07.19 16:55:49] [DEBUG] [SUCCESS] func MngClient_Agree() begin [./src/keymngclientop.c] [53]
[2018.07.19 16:55:49] [WARNING] [SUCCESS] MngServer_Agree() [./src/keymngserverop.c] [47]
[2018.07.19 16:55:49] [WARNING] [SUCCESS] MngServer_Agree() END [./src/keymngserverop.c] [71]
[2018.07.19 16:55:49] [DEBUG] [SUCCESS] func MngClient_Agree() end  [./src/keymngclientop.c] [137]
[2018.07.19 16:55:49] [WARNING] [ERRNO is 3003] sckClient_rev() ClientsckServer_close [./src/keymngserver.c] [47]
[2018.07.19 16:55:50] [DEBUG] [SUCCESS] func MngClient_Agree() begin [./src/keymngclientop.c] [53]
[2018.07.19 16:55:50] [WARNING] [SUCCESS] MngServer_Agree() [./src/keymngserverop.c] [47]
[2018.07.19 16:55:50] [WARNING] [SUCCESS] MngServer_Agree() END [./src/keymngserverop.c] [71]
[2018.07.19 16:55:50] [DEBUG] [SUCCESS] func MngClient_Agree() end  [./src/keymngclientop.c] [137]
[2018.07.19 16:55:50] [WARNING] [ERRNO is 3003] sckClient_rev() ClientsckServer_close [./src/keymngserver.c] [47]
[2018.07.19 16:55:50] [DEBUG] [SUCCESS] func MngClient_Agree() begin [./src/keymngclientop.c] [53]
[2018.07.19 16:55:50] [WARNING] [SUCCESS] MngServer_Agree() [./src/keymngserverop.c] [47]
[2018.07.19 16:55:50] [WARNING] [SUCCESS] MngServer_Agree() END [./src/keymngserverop.c] [71]
[2018.07.19 16:55:50] [DEBUG] [SUCCESS] func MngClient_Agree() end  [./src/keymngclientop.c] [137]
[2018.07.19 16:55:50] [WARNING] [ERRNO is 3003] sckClient_rev() ClientsckServer_close [./src/keymngserver.c] [47]
[2018.07.19 16:55:51] [DEBUG] [SUCCESS] func MngClient_Agree() begin [./src/keymngclientop.c] [53]
[2018.07.19 16:55:51] [WARNING] [SUCCESS] MngServer_Agree() [./src/keymngserverop.c] [47]
[2018.07.19 16:55:51] [WARNING] [SUCCESS] MngServer_Agree() END [./src/keymngserverop.c] [71]
[2018.07.19 16:55:51] [DEBUG] [SUCCESS] func MngClient_Agree() end  [./src/keymngclientop.c] [137]
[2018.07.19 16:55:51] [WARNING] [ERRNO is 3003] sckClient_rev() ClientsckServer_close [./src/keymngserver.c] [47]
[2018.07.19 16:55:51] [DEBUG] [SUCCESS] func MngClient_Agree() begin [./src/keymngclientop.c] [53]
[2018.07.19 16:55:51] [WARNING] [SUCCESS] MngServer_Agree() [./src/keymngserverop.c] [47]
[2018.07.19 16:55:51] [WARNING] [SUCCESS] MngServer_Agree() END [./src/keymngserverop.c] [71]
[2018.07.19 16:55:51] [DEBUG] [SUCCESS] func MngClient_Agree() end  [./src/keymngclientop.c] [137]
[2018.07.19 16:55:51] [WARNING] [ERRNO is 3003] sckClient_rev() ClientsckServer_close [./src/keymngserver.c] [47]
[2018.07.19 16:55:52] [DEBUG] [SUCCESS] func MngClient_Agree() begin [./src/keymngclientop.c] [53]
[2018.07.19 16:55:52] [WARNING] [SUCCESS] MngServer_Agree() [./src/keymngserverop.c] [47]
[2018.07.19 16:55:52] [WARNING] [SUCCESS] MngServer_Agree() END [./src/keymngserverop.c] [71]
[2018.07.19 16:55:52] [DEBUG] [SUCCESS] func MngClient_Agree() end  [./src/keymngclientop.c] [137]
[2018.07.19 16:55:52] [WARNING] [ERRNO is 3003] sckClient_rev() ClientsckServer_close [./src/keymngserver.c] [47]
[2018.07.19 16:55:52] [DEBUG] [SUCCESS] func MngClient_Agree() begin [./src/keymngclientop.c] [53]
[2018.07.19 16:55:52] [WARNING] [SUCCESS] MngServer_Agree() [./src/keymngserverop.c] [47]
[2018.07.19 16:55:52] [WARNING] [SUCCESS] MngServer_Agree() END [./src/keymngserverop.c] [71]
[2018.07.19 16:55:52] [DEBUG] [SUCCESS] func MngClient_Agree() end  [./src/keymngclientop.c] [137]
[2018.07.19 16:55:52] [WARNING] [ERRNO is 3003] sckClient_rev() ClientsckServer_close [./src/keymngserver.c] [47]
[2018.07.19 16:55:53] [DEBUG] [SUCCESS] func MngClient_Agree() begin [./src/keymngclientop.c] [53]
[2018.07.19 16:55:53] [WARNING] [SUCCESS] MngServer_Agree() [./src/keymngserverop.c] [47]
[2018.07.19 16:55:53] [WARNING] [SUCCESS] MngServer_Agree() END [./src/keymngserverop.c] [71]
[2018.07.19 16:55:53] [DEBUG] [SUCCESS] func MngClient_Agree() end  [./src/keymngclientop.c] [137]
[2018.07.19 16:55:53] [WARNING] [ERRNO is 3003] sckClient_rev() ClientsckServer_close [./src/keymngserver.c] [47]
[2018.07.19 16:55:54] [DEBUG] [SUCCESS] func MngClient_Agree() begin [./src/keymngclientop.c] [53]
[2018.07.19 16:55:54] [WARNING] [SUCCESS] MngServer_Agree() [./src/keymngserverop.c] [47]
[2018.07.19 16:55:54] [WARNING] [SUCCESS] MngServer_Agree() END [./src/keymngserverop.c] [71]
[2018.07.19 16:55:54] [DEBUG] [SUCCESS] func MngClient_Agree() end  [./src/keymngclientop.c] [137]
[2018.07.19 16:55:54] [WARNING] [ERRNO is 3003] sckClient_rev() ClientsckServer_close [./src/keymngserver.c] [47]
[2018.07.19 16:55:54] [DEBUG] [SUCCESS] func MngClient_Agree() begin [./src/keymngclientop.c] [53]
[2018.07.19 16:55:54] [WARNING] [SUCCESS] MngServer_Agree() [./src/keymngserverop.c] [47]
[2018.07.19 16:55:54] [WARNING] [SUCCESS] MngServer_Agree() END [./src/keymngserverop.c] [71]
[2018.07.19 16:55:54] [DEBUG] [SUCCESS] func MngClient_Agree() end  [./src/keymngclientop.c] [137]
[2018.07.19 16:55:54] [WARNING] [ERRNO is 3003] sckClient_rev() ClientsckServer_close [./src/keymngserver.c] [47]
[2018.07.19 16:55:55] [DEBUG] [SUCCESS] func MngClient_Agree() begin [./src/keymngclientop.c] [53]
[2018.07.19 16:55:55] [WARNING] [SUCCESS] MngServer_Agree() [./src/keymngserverop.c] [47]
[2018.07.19 16:55:55] [WARNING] [SUCCESS] MngServer_Agree() END [./src/keymngserverop.c] [71]
[2018.07.19 16:55:55] [DEBUG] [SUCCESS] func MngClient_Agree() end  [./src/keymngclientop.c] [137]
[2018.07.19 16:55:55] [WARNING] [ERRNO is 3003] sckClient_rev() ClientsckServer_close [./src/keymngserver.c] [47]
[2018.07.19 16:55:55] [DEBUG] [SUCCESS] func MngClient_Agree() begin [./src/keymngclientop.c] [53]
[2018.07.19 16:55:55] [WARNING] [SUCCESS] MngServer_Agree() [./src/keymngserverop.c] [47]
[2018.07.19 16:55:55] [WARNING] [SUCCESS] MngServer_Agree() END [./src/keymngserverop.c] [71]
[2018.07.19 16:55:55] [DEBUG] [SUCCESS] func MngClient_Agree() end  [./src/keymngclientop.c] [137]
[2018.07.19 16:55:55] [WARNING] [ERRNO is 3003] sckClient_rev() ClientsckServer_close [./src/keymngserver.c] [47]
[2018.07.19 16:55:55] [DEBUG] [SUCCESS] func MngClient_Agree() begin [./src/keymngclientop.c] [53]
[2018.07.19 16:55:55] [WARNING] [SUCCESS] MngServer_Agree() [./src/keymngserverop.c] [47]
[2018.07.19 16:55:55] [WARNING] [SUCCESS] MngServer_Agree() END [./src/keymngserverop.c] [71]
[2018.07.19 16:55:55] [DEBUG] [SUCCESS] func MngClient_Agree() end  [./src/keymngclientop.c] [137]
[2018.07.19 16:55:55] [WARNING] [ERRNO is 3003] sckClient_rev() ClientsckServer_close [./src/keymngserver.c] [47]
[2018.07.19 16:55:56] [DEBUG] [SUCCESS] func MngClient_Agree() begin [./src/keymngclientop.c] [53]
[2018.07.19 16:55:56] [WARNING] [SUCCESS] MngServer_Agree() [./src/keymngserverop.c] [47]
[2018.07.19 16:55:56] [WARNING] [SUCCESS] MngServer_Agree() END [./src/keymngserverop.c] [71]
[2018.07.19 16:55:56] [DEBUG] [SUCCESS] func MngClient_Agree() end  [./src/keymngclientop.c] [137]
[2018.07.19 16:55:56] [WARNING] [ERRNO is 3003] sckClient_rev() ClientsckServer_close [./src/keymngserver.c] [47]
[2018.07.19 16:55:56] [DEBUG] [SUCCESS] func MngClient_Agree() begin [./src/keymngclientop.c] [53]
[2018.07.19 16:55:56] [WARNING] [SUCCESS] MngServer_Agree() [./src/keymngserverop.c] [47]
[2018.07.19 16:55:56] [WARNING] [SUCCESS] MngServer_Agree() END [./src/keymngserverop.c] [71]
[2018.07.19 16:55:56] [DEBUG] [SUCCESS] func MngClient_Agree() end  [./src/keymngclientop.c] [137]
[2018.07.19 16:55:56] [WARNING] [ERRNO is 3003] sckClient_rev() ClientsckServer_close [./src/keymngserver.c] [47]
[2018.07.19 16:55:57] [DEBUG] [SUCCESS] func MngClient_Agree() begin [./src/keymngclientop.c] [53]
[2018.07.19 16:55:57] [WARNING] [SUCCESS] MngServer_Agree() [./src/keymngserverop.c] [47]
[2018.07.19 16:55:57] [WARNING] [SUCCESS] MngServer_Agree() END [./src/keymngserverop.c] [71]
[2018.07.19 16:55:57] [DEBUG] [SUCCESS] func MngClient_Agree() end  [./src/keymngclientop.c] [137]
[2018.07.19 16:55:57] [WARNING] [ERRNO is 3003] sckClient_rev() ClientsckServer_close [./src/keymngserver.c] [47]
[2018.07.19 16:55:58] [DEBUG] [SUCCESS] func MngClient_Agree() begin [./src/keymngclientop.c] [53]
[2018.07.19 16:55:58] [WARNING] [SUCCESS] MngServer_Agree() [./src/keymngserverop.c] [47]
[2018.07.19 16:55:58] [WARNING] [SUCCESS] MngServer_Agree() END [./src/keymngserverop.c] [71]
[2018.07.19 16:55:58] [DEBUG] [SUCCESS] func MngClient_Agree() end  [./src/keymngclientop.c] [137]
[2018.07.19 16:55:58] [WARNING] [ERRNO is 3003] sckClient_rev() ClientsckServer_close [./src/keymngserver.c] [47]
[2018.07.19 16:55:58] [DEBUG] [SUCCESS] func MngClient_Agree() begin [./src/keymngclientop.c] [53]
[2018.07.19 16:55:58] [WARNING] [SUCCESS] MngServer_Agree() [./src/keymngserverop.c] [47]
[2018.07.19 16:55:58] [WARNING] [SUCCESS] MngServer_Agree() END [./src/keymngserverop.c] [71]
[2018.07.19 16:55:58] [DEBUG] [SUCCESS] func MngClient_Agree() end  [./src/keymngclientop.c] [137]
[2018.07.19 16:55:58] [WARNING] [ERRNO is 3003] sckClient_rev() ClientsckServer_close [./src/keymngserver.c] [47]
[2018.07.19 16:55:59] [DEBUG] [SUCCESS] func MngClient_Agree() begin [./src/keymngclientop.c] [53]
[2018.07.19 16:55:59] [WARNING] [SUCCESS] MngServer_Agree() [./src/keymngserverop.c] [47]
[2018.07.19 16:55:59] [WARNING] [SUCCESS] MngServer_Agree() END [./src/keymngserverop.c] [71]
[2018.07.19 16:55:59] [DEBUG] [SUCCESS] func MngClient_Agree() end  [./src/keymngclientop.c] [137]
[2018.07.19 16:55:59] [WARNING] [ERRNO is 3003] sckClient_rev() ClientsckServer_close [./src/keymngserver.c] [47]
[2018.07.19 16:55:59] [DEBUG] [SUCCESS] func MngClient_Agree() begin [./src/keymngclientop.c] [53]
[2018.07.19 16:55:59] [WARNING] [SUCCESS] MngServer_Agree() [./src/keymngserverop.c] [47]
[2018.07.19 16:55:59] [WARNING] [SUCCESS] MngServer_Agree() END [./src/keymngserverop.c] [71]
[2018.07.19 16:55:59] [DEBUG] [SUCCESS] func MngClient_Agree() end  [./src/keymngclientop.c] [137]
[2018.07.19 16:55:59] [WARNING] [ERRNO is 3003] sckClient_rev() ClientsckServer_close [./src/keymngserver.c] [47]
[2018.07.19 16:56:00] [DEBUG] [SUCCESS] func MngClient_Agree() begin [./src/keymngclientop.c] [53]
[2018.07.19 16:56:00] [WARNING] [SUCCESS] MngServer_Agree() [./src/keymngserverop.c] [47]
[2018.07.19 16:56:00] [WARNING] [SUCCESS] MngServer_Agree() END [./src/keymngserverop.c] [71]
[2018.07.19 16:56:00] [DEBUG] [SUCCESS] func MngClient_Agree() end  [./src/keymngclientop.c] [137]
[2018.07.19 16:56:00] [WARNING] [ERRNO is 3003] sckClient_rev() ClientsckServer_close [./src/keymngserver.c] [47]
[2018.07.19 16:56:01] [DEBUG] [SUCCESS] func MngClient_Agree() begin [./src/keymngclientop.c] [53]
[2018.07.19 16:56:01] [WARNING] [SUCCESS] MngServer_Agree() [./src/keymngserverop.c] [47]
[2018.07.19 16:56:01] [WARNING] [SUCCESS] MngServer_Agree() END [./src/keymngserverop.c] [71]
[2018.07.19 16:56:01] [DEBUG] [SUCCESS] func MngClient_Agree() end  [./src/keymngclientop.c] [137]
[2018.07.19 16:56:01] [WARNING] [ERRNO is 3003] sckClient_rev() ClientsckServer_close [./src/keymngserver.c] [47]
[2018.07.19 16:56:01] [DEBUG] [SUCCESS] func MngClient_Agree() begin [./src/keymngclientop.c] [53]
[2018.07.19 16:56:01] [WARNING] [SUCCESS] MngServer_Agree() [./src/keymngserverop.c] [47]
[2018.07.19 16:56:01] [WARNING] [SUCCESS] MngServer_Agree() END [./src/keymngserverop.c] [71]
[2018.07.19 16:56:01] [DEBUG] [SUCCESS] func MngClient_Agree() end  [./src/keymngclientop.c] [137]
[2018.07.19 16:56:01] [WARNING] [ERRNO is 3003] sckClient_rev() ClientsckServer_close [./src/keymngserver.c] [47]
[2018.07.19 16:56:01] [DEBUG] [SUCCESS] func MngClient_Agree() begin [./src/keymngclientop.c] [53]
[2018.07.19 16:56:01] [WARNING] [SUCCESS] MngServer_Agree() [./src/keymngserverop.c] [47]
[2018.07.19 16:56:01] [WARNING] [SUCCESS] MngServer_Agree() END [./src/keymngserverop.c] [71]
[2018.07.19 16:56:01] [DEBUG] [SUCCESS] func MngClient_Agree() end  [./src/keymngclientop.c] [137]
[2018.07.19 16:56:01] [WARNING] [ERRNO is 3003] sckClient_rev() ClientsckServer_close [./src/keymngserver.c] [47]
[2018.07.19 16:56:02] [DEBUG] [SUCCESS] func MngClient_Agree() begin [./src/keymngclientop.c] [53]
[2018.07.19 16:56:02] [WARNING] [SUCCESS] MngServer_Agree() [./src/keymngserverop.c] [47]
[2018.07.19 16:56:02] [WARNING] [SUCCESS] MngServer_Agree() END [./src/keymngserverop.c] [71]
[2018.07.19 16:56:02] [DEBUG] [SUCCESS] func MngClient_Agree() end  [./src/keymngclientop.c] [137]
[2018.07.19 16:56:02] [WARNING] [ERRNO is 3003] sckClient_rev() ClientsckServer_close [./src/keymngserver.c] [47]
[2018.07.19 16:56:03] [DEBUG] [SUCCESS] func MngClient_Agree() begin [./src/keymngclientop.c] [53]
[2018.07.19 16:56:03] [WARNING] [SUCCESS] MngServer_Agree() [./src/keymngserverop.c] [47]
[2018.07.19 16:56:03] [WARNING] [SUCCESS] MngServer_Agree() END [./src/keymngserverop.c] [71]
[2018.07.19 16:56:03] [DEBUG] [SUCCESS] func MngClient_Agree() end  [./src/keymngclientop.c] [137]
[2018.07.19 16:56:03] [WARNING] [ERRNO is 3003] sckClient_rev() ClientsckServer_close [./src/keymngserver.c] [47]
[2018.07.19 16:56:07] [DEBUG] [SUCCESS] func MngClient_Agree() begin [./src/keymngclientop.c] [53]
[2018.07.19 16:56:07] [WARNING] [SUCCESS] MngServer_Agree() [./src/keymngserverop.c] [47]
[2018.07.19 16:56:07] [WARNING] [SUCCESS] MngServer_Agree() END [./src/keymngserverop.c] [71]
[2018.07.19 16:56:07] [DEBUG] [SUCCESS] func MngClient_Agree() end  [./src/keymngclientop.c] [137]
[2018.07.19 16:56:07] [WARNING] [ERRNO is 3003] sckClient_rev() ClientsckServer_close [./src/keymngserver.c] [47]
[2018.07.19 16:56:08] [DEBUG] [SUCCESS] func MngClient_Agree() begin [./src/keymngclientop.c] [53]
[2018.07.19 16:56:08] [WARNING] [SUCCESS] MngServer_Agree() [./src/keymngserverop.c] [47]
[2018.07.19 16:56:08] [WARNING] [SUCCESS] MngServer_Agree() END [./src/keymngserverop.c] [71]
[2018.07.19 16:56:08] [DEBUG] [SUCCESS] func MngClient_Agree() end  [./src/keymngclientop.c] [137]
[2018.07.19 16:56:08] [WARNING] [ERRNO is 3003] sckClient_rev() ClientsckServer_close [./src/keymngserver.c] [47]
[2018.07.19 16:56:09] [DEBUG] [SUCCESS] func MngClient_Agree() begin [./src/keymngclientop.c] [53]
[2018.07.19 16:56:09] [WARNING] [SUCCESS] MngServer_Agree() [./src/keymngserverop.c] [47]
[2018.07.19 16:56:09] [WARNING] [SUCCESS] MngServer_Agree() END [./src/keymngserverop.c] [71]
[2018.07.19 16:56:09] [DEBUG] [SUCCESS] func MngClient_Agree() end  [./src/keymngclientop.c] [137]
[2018.07.19 16:56:09] [WARNING] [ERRNO is 3003] sckClient_rev() ClientsckServer_close [./src/keymngserver.c] [47]
[2018.07.19 16:56:09] [DEBUG] [SUCCESS] func MngClient_Agree() begin [./src/keymngclientop.c] [53]
[2018.07.19 16:56:09] [WARNING] [SUCCESS] MngServer_Agree() [./src/keymngserverop.c] [47]
[2018.07.19 16:56:09] [WARNING] [SUCCESS] MngServer_Agree() END [./src/keymngserverop.c] [71]
[2018.07.19 16:56:09] [DEBUG] [SUCCESS] func MngClient_Agree() end  [./src/keymngclientop.c] [137]
[2018.07.19 16:56:09] [WARNING] [ERRNO is 3003] sckClient_rev() ClientsckServer_close [./src/keymngserver.c] [47]
[2018.07.19 16:56:09] [DEBUG] [SUCCESS] func MngClient_Agree() begin [./src/keymngclientop.c] [53]
[2018.07.19 16:56:09] [WARNING] [SUCCESS] MngServer_Agree() [./src/keymngserverop.c] [47]
[2018.07.19 16:56:09] [WARNING] [SUCCESS] MngServer_Agree() END [./src/keymngserverop.c] [71]
[2018.07.19 16:56:09] [DEBUG] [SUCCESS] func MngClient_Agree() end  [./src/keymngclientop.c] [137]
[2018.07.19 16:56:09] [WARNING] [ERRNO is 3003] sckClient_rev() ClientsckServer_close [./src/keymngserver.c] [47]
[2018.07.19 16:56:10] [DEBUG] [SUCCESS] func MngClient_Agree() begin [./src/keymngclientop.c] [53]
[2018.07.19 16:56:10] [WARNING] [SUCCESS] MngServer_Agree() [./src/keymngserverop.c] [47]
[2018.07.19 16:56:10] [WARNING] [SUCCESS] MngServer_Agree() END [./src/keymngserverop.c] [71]
[2018.07.19 16:56:10] [DEBUG] [SUCCESS] func MngClient_Agree() end  [./src/keymngclientop.c] [137]
[2018.07.19 16:56:10] [WARNING] [ERRNO is 3003] sckClient_rev() ClientsckServer_close [./src/keymngserver.c] [47]
[2018.07.19 16:56:10] [DEBUG] [SUCCESS] func MngClient_Agree() begin [./src/keymngclientop.c] [53]
[2018.07.19 16:56:10] [WARNING] [SUCCESS] MngServer_Agree() [./src/keymngserverop.c] [47]
[2018.07.19 16:56:10] [WARNING] [SUCCESS] MngServer_Agree() END [./src/keymngserverop.c] [71]
[2018.07.19 16:56:10] [DEBUG] [SUCCESS] func MngClient_Agree() end  [./src/keymngclientop.c] [137]
[2018.07.19 16:56:10] [WARNING] [ERRNO is 3003] sckClient_rev() ClientsckServer_close [./src/keymngserver.c] [47]
[2018.07.19 16:56:11] [DEBUG] [SUCCESS] func MngClient_Agree() begin [./src/keymngclientop.c] [53]
[2018.07.19 16:56:11] [WARNING] [SUCCESS] MngServer_Agree() [./src/keymngserverop.c] [47]
[2018.07.19 16:56:11] [WARNING] [SUCCESS] MngServer_Agree() END [./src/keymngserverop.c] [71]
[2018.07.19 16:56:11] [DEBUG] [SUCCESS] func MngClient_Agree() end  [./src/keymngclientop.c] [137]
[2018.07.19 16:56:11] [WARNING] [ERRNO is 3003] sckClient_rev() ClientsckServer_close [./src/keymngserver.c] [47]
